[2022-01-20 15:45:06.895] [renderer1] [info] Starting extension host with pid 9643.
[2022-01-20 15:45:06.895] [renderer1] [info] [LocalProcessExtensionHost]: IExtensionHostStarter.start() took 8 ms.
[2022-01-20 15:45:07.277] [renderer1] [error] [Extension Host] (node:9643) [DEP0005] DeprecationWarning: Buffer() is deprecated due to security and usability issues. Please use the Buffer.alloc(), Buffer.allocUnsafe(), or Buffer.from() methods instead.
(Use `electron --trace-deprecation ...` to show where the warning was created)
[2022-01-20 15:45:33.022] [renderer1] [error] EACCES: permission denied, open '/usr/lib/code/extensions/npm/package.json': Error: EACCES: permission denied, open '/usr/lib/code/extensions/npm/package.json'
[2022-01-20 15:45:33.035] [renderer1] [error] EACCES: permission denied, open '/usr/lib/code/extensions/json-language-features/package.json': Error: EACCES: permission denied, open '/usr/lib/code/extensions/json-language-features/package.json'
[2022-01-20 15:45:33.038] [renderer1] [error] EACCES: permission denied, open '/usr/lib/code/extensions/json/package.json': Error: EACCES: permission denied, open '/usr/lib/code/extensions/json/package.json'
[2022-01-20 15:45:33.038] [renderer1] [error] EACCES: permission denied, open '/usr/lib/code/extensions/html-language-features/package.json': Error: EACCES: permission denied, open '/usr/lib/code/extensions/html-language-features/package.json'
[2022-01-20 15:45:33.039] [renderer1] [error] EACCES: permission denied, open '/usr/lib/code/extensions/yaml/package.json': Error: EACCES: permission denied, open '/usr/lib/code/extensions/yaml/package.json'
[2022-01-20 15:45:33.039] [renderer1] [error] EACCES: permission denied, open '/usr/lib/code/extensions/cpp/package.json': Error: EACCES: permission denied, open '/usr/lib/code/extensions/cpp/package.json'
[2022-01-20 15:45:33.040] [renderer1] [error] EACCES: permission denied, open '/usr/lib/code/extensions/html/package.json': Error: EACCES: permission denied, open '/usr/lib/code/extensions/html/package.json'
[2022-01-20 15:45:33.041] [renderer1] [error] EACCES: permission denied, open '/usr/lib/code/extensions/css/package.json': Error: EACCES: permission denied, open '/usr/lib/code/extensions/css/package.json'
[2022-01-20 15:45:33.041] [renderer1] [error] EACCES: permission denied, open '/usr/lib/code/extensions/markdown-basics/package.json': Error: EACCES: permission denied, open '/usr/lib/code/extensions/markdown-basics/package.json'
[2022-01-20 15:45:33.041] [renderer1] [error] EACCES: permission denied, open '/usr/lib/code/extensions/docker/package.json': Error: EACCES: permission denied, open '/usr/lib/code/extensions/docker/package.json'
[2022-01-20 15:45:33.042] [renderer1] [error] EACCES: permission denied, open '/usr/lib/code/extensions/javascript/package.json': Error: EACCES: permission denied, open '/usr/lib/code/extensions/javascript/package.json'
[2022-01-20 15:45:33.042] [renderer1] [error] EACCES: permission denied, open '/usr/lib/code/extensions/java/package.json': Error: EACCES: permission denied, open '/usr/lib/code/extensions/java/package.json'
[2022-01-20 15:45:33.042] [renderer1] [error] EACCES: permission denied, open '/usr/lib/code/extensions/log/package.json': Error: EACCES: permission denied, open '/usr/lib/code/extensions/log/package.json'
[2022-01-20 15:45:33.042] [renderer1] [error] EACCES: permission denied, open '/usr/lib/code/extensions/configuration-editing/package.json': Error: EACCES: permission denied, open '/usr/lib/code/extensions/configuration-editing/package.json'
[2022-01-20 15:45:33.043] [renderer1] [error] EACCES: permission denied, open '/usr/lib/code/extensions/debug-auto-launch/package.json': Error: EACCES: permission denied, open '/usr/lib/code/extensions/debug-auto-launch/package.json'
[2022-01-20 15:45:33.043] [renderer1] [error] EACCES: permission denied, open '/usr/lib/code/extensions/make/package.json': Error: EACCES: permission denied, open '/usr/lib/code/extensions/make/package.json'
[2022-01-20 15:45:33.043] [renderer1] [error] EACCES: permission denied, open '/usr/lib/code/extensions/handlebars/package.json': Error: EACCES: permission denied, open '/usr/lib/code/extensions/handlebars/package.json'
[2022-01-20 15:45:33.044] [renderer1] [error] EACCES: permission denied, open '/usr/lib/code/extensions/less/package.json': Error: EACCES: permission denied, open '/usr/lib/code/extensions/less/package.json'
[2022-01-20 15:45:33.044] [renderer1] [error] EACCES: permission denied, open '/usr/lib/code/extensions/go/package.json': Error: EACCES: permission denied, open '/usr/lib/code/extensions/go/package.json'
[2022-01-20 15:45:33.045] [renderer1] [error] EACCES: permission denied, open '/usr/lib/code/extensions/bat/package.json': Error: EACCES: permission denied, open '/usr/lib/code/extensions/bat/package.json'
[2022-01-20 15:45:33.045] [renderer1] [error] EACCES: permission denied, open '/usr/lib/code/extensions/clojure/package.json': Error: EACCES: permission denied, open '/usr/lib/code/extensions/clojure/package.json'
[2022-01-20 15:45:33.049] [renderer1] [error] EACCES: permission denied, open '/usr/lib/code/extensions/coffeescript/package.json': Error: EACCES: permission denied, open '/usr/lib/code/extensions/coffeescript/package.json'
[2022-01-20 15:45:33.049] [renderer1] [error] EACCES: permission denied, open '/usr/lib/code/extensions/groovy/package.json': Error: EACCES: permission denied, open '/usr/lib/code/extensions/groovy/package.json'
[2022-01-20 15:45:33.050] [renderer1] [error] EACCES: permission denied, open '/usr/lib/code/extensions/emmet/package.json': Error: EACCES: permission denied, open '/usr/lib/code/extensions/emmet/package.json'
[2022-01-20 15:45:33.050] [renderer1] [error] EACCES: permission denied, open '/usr/lib/code/extensions/grunt/package.json': Error: EACCES: permission denied, open '/usr/lib/code/extensions/grunt/package.json'
[2022-01-20 15:45:33.050] [renderer1] [error] EACCES: permission denied, open '/usr/lib/code/extensions/gulp/package.json': Error: EACCES: permission denied, open '/usr/lib/code/extensions/gulp/package.json'
[2022-01-20 15:45:33.050] [renderer1] [error] EACCES: permission denied, open '/usr/lib/code/extensions/shellscript/package.json': Error: EACCES: permission denied, open '/usr/lib/code/extensions/shellscript/package.json'
[2022-01-20 15:45:33.051] [renderer1] [error] EACCES: permission denied, open '/usr/lib/code/extensions/jake/package.json': Error: EACCES: permission denied, open '/usr/lib/code/extensions/jake/package.json'
[2022-01-20 15:45:33.051] [renderer1] [error] EACCES: permission denied, open '/usr/lib/code/extensions/xml/package.json': Error: EACCES: permission denied, open '/usr/lib/code/extensions/xml/package.json'
[2022-01-20 15:45:33.051] [renderer1] [error] EACCES: permission denied, open '/usr/lib/code/extensions/ini/package.json': Error: EACCES: permission denied, open '/usr/lib/code/extensions/ini/package.json'
[2022-01-20 15:45:33.052] [renderer1] [error] EACCES: permission denied, open '/usr/lib/code/extensions/csharp/package.json': Error: EACCES: permission denied, open '/usr/lib/code/extensions/csharp/package.json'
[2022-01-20 15:45:33.052] [renderer1] [error] EACCES: permission denied, open '/usr/lib/code/extensions/python/package.json': Error: EACCES: permission denied, open '/usr/lib/code/extensions/python/package.json'
[2022-01-20 15:45:33.052] [renderer1] [error] EACCES: permission denied, open '/usr/lib/code/extensions/lua/package.json': Error: EACCES: permission denied, open '/usr/lib/code/extensions/lua/package.json'
[2022-01-20 15:45:33.053] [renderer1] [error] EACCES: permission denied, open '/usr/lib/code/extensions/fsharp/package.json': Error: EACCES: permission denied, open '/usr/lib/code/extensions/fsharp/package.json'
[2022-01-20 15:45:33.053] [renderer1] [error] EACCES: permission denied, open '/usr/lib/code/extensions/hlsl/package.json': Error: EACCES: permission denied, open '/usr/lib/code/extensions/hlsl/package.json'
[2022-01-20 15:45:33.053] [renderer1] [error] EACCES: permission denied, open '/usr/lib/code/extensions/typescript-basics/package.json': Error: EACCES: permission denied, open '/usr/lib/code/extensions/typescript-basics/package.json'
[2022-01-20 15:45:33.054] [renderer1] [error] EACCES: permission denied, open '/usr/lib/code/extensions/merge-conflict/package.json': Error: EACCES: permission denied, open '/usr/lib/code/extensions/merge-conflict/package.json'
[2022-01-20 15:45:33.054] [renderer1] [error] EACCES: permission denied, open '/usr/lib/code/extensions/typescript-language-features/package.json': Error: EACCES: permission denied, open '/usr/lib/code/extensions/typescript-language-features/package.json'
[2022-01-20 15:45:33.054] [renderer1] [error] EACCES: permission denied, open '/usr/lib/code/extensions/css-language-features/package.json': Error: EACCES: permission denied, open '/usr/lib/code/extensions/css-language-features/package.json'
